{"status_code": 302, "headers": {"Content-Type": "text/html; charset=utf-8", "Content-Length": "213", "Location": "/web_project/"}, "data": null}
{"status_code": 200, "headers": {"Date": "Wed, 31 May 2023 09:49:41 GMT", "Server": "Apache/2.4.54 (Unix) PHP/7.4.30", "X-Powered-By": "PHP/7.4.30", "Keep-Alive": "timeout=5, max=100", "Content-Type": "text/html; charset=UTF-8", "Content-Length": "5232"}, "data": null}
{"status_code": 200, "headers": {"Date": "Wed, 31 May 2023 09:49:41 GMT", "Server": "Apache/2.4.54 (Unix) PHP/7.4.30", "Last-Modified": "Mon, 28 Nov 2022 06:21:42 GMT", "ETag": "\"683-5ee81e2834980\"", "Accept-Ranges": "bytes", "Keep-Alive": "timeout=5, max=100", "Content-Type": "text/css", "Content-Length": "1667"}, "data": null}
{"status_code": 200, "headers": {"Date": "Wed, 31 May 2023 09:49:41 GMT", "Server": "Apache/2.4.54 (Unix) PHP/7.4.30", "Last-Modified": "Wed, 19 Dec 2018 22:49:22 GMT", "ETag": "\"404-57d67d3332080\"", "Accept-Ranges": "bytes", "Keep-Alive": "timeout=5, max=100", "Content-Type": "text/css", "Content-Length": "1028"}, "data": null}
{"status_code": 200, "headers": {"Date": "Wed, 31 May 2023 09:49:41 GMT", "Server": "Apache/2.4.54 (Unix) PHP/7.4.30", "Last-Modified": "Fri, 11 Jan 2019 08:51:38 GMT", "ETag": "\"753-57f2acd94fa80\"", "Accept-Ranges": "bytes", "Keep-Alive": "timeout=5, max=100", "Content-Type": "text/css", "Content-Length": "1875"}, "data": null}
{"status_code": 404, "headers": {"Date": "Wed, 31 May 2023 09:49:41 GMT", "Server": "Apache/2.4.54 (Unix) PHP/7.4.30", "X-Powered-By": "PHP/7.4.30", "Keep-Alive": "timeout=5, max=100", "Content-Type": "text/html; charset=UTF-8", "Content-Length": "104"}, "data": null}
{"status_code": 200, "headers": {"Date": "Wed, 31 May 2023 09:49:49 GMT", "Server": "Apache/2.4.54 (Unix) PHP/7.4.30", "X-Powered-By": "PHP/7.4.30", "Keep-Alive": "timeout=5, max=100", "Content-Type": "text/html; charset=UTF-8", "Content-Length": "4935"}, "data": null}
{"status_code": 200, "headers": {"Date": "Wed, 31 May 2023 09:49:50 GMT", "Server": "Apache/2.4.54 (Unix) PHP/7.4.30", "X-Powered-By": "PHP/7.4.30", "Keep-Alive": "timeout=5, max=100", "Content-Type": "text/html; charset=UTF-8", "Content-Length": "4935"}, "data": null}
{"status_code": 200, "headers": {"Date": "Wed, 31 May 2023 09:49:51 GMT", "Server": "Apache/2.4.54 (Unix) PHP/7.4.30", "X-Powered-By": "PHP/7.4.30", "Keep-Alive": "timeout=5, max=100", "Content-Type": "text/html; charset=UTF-8", "Content-Length": "4935"}, "data": null}
{"status_code": 200, "headers": {"Date": "Wed, 31 May 2023 09:49:51 GMT", "Server": "Apache/2.4.54 (Unix) PHP/7.4.30", "X-Powered-By": "PHP/7.4.30", "Keep-Alive": "timeout=5, max=100", "Content-Type": "text/html; charset=UTF-8", "Content-Length": "4935"}, "data": null}
{"status_code": 200, "headers": {"Date": "Wed, 31 May 2023 09:49:52 GMT", "Server": "Apache/2.4.54 (Unix) PHP/7.4.30", "X-Powered-By": "PHP/7.4.30", "Keep-Alive": "timeout=5, max=100", "Content-Type": "text/html; charset=UTF-8", "Content-Length": "4935"}, "data": null}
{"status_code": 200, "headers": {"Date": "Wed, 31 May 2023 09:50:03 GMT", "Server": "Apache/2.4.54 (Unix) PHP/7.4.30", "X-Powered-By": "PHP/7.4.30", "Keep-Alive": "timeout=5, max=100", "Content-Type": "text/html; charset=UTF-8", "Content-Length": "4935"}, "data": null}
{"status_code": 200, "headers": {"Date": "Wed, 31 May 2023 09:50:04 GMT", "Server": "Apache/2.4.54 (Unix) PHP/7.4.30", "X-Powered-By": "PHP/7.4.30", "Keep-Alive": "timeout=5, max=100", "Content-Type": "text/html; charset=UTF-8", "Content-Length": "4935"}, "data": null}
{"status_code": 200, "headers": {"Date": "Wed, 31 May 2023 09:50:04 GMT", "Server": "Apache/2.4.54 (Unix) PHP/7.4.30", "X-Powered-By": "PHP/7.4.30", "Keep-Alive": "timeout=5, max=100", "Content-Type": "text/html; charset=UTF-8", "Content-Length": "4935"}, "data": null}
{"status_code": 200, "headers": {"Date": "Wed, 31 May 2023 09:50:05 GMT", "Server": "Apache/2.4.54 (Unix) PHP/7.4.30", "X-Powered-By": "PHP/7.4.30", "Keep-Alive": "timeout=5, max=100", "Content-Type": "text/html; charset=UTF-8", "Content-Length": "4935"}, "data": null}
{"status_code": 200, "headers": {"Date": "Wed, 31 May 2023 09:50:06 GMT", "Server": "Apache/2.4.54 (Unix) PHP/7.4.30", "X-Powered-By": "PHP/7.4.30", "Keep-Alive": "timeout=5, max=100", "Content-Type": "text/html; charset=UTF-8", "Content-Length": "4935"}, "data": null}
{"status_code": 200, "headers": {"Date": "Wed, 31 May 2023 09:50:07 GMT", "Server": "Apache/2.4.54 (Unix) PHP/7.4.30", "X-Powered-By": "PHP/7.4.30", "Keep-Alive": "timeout=5, max=100", "Content-Type": "text/html; charset=UTF-8", "Content-Length": "4935"}, "data": null}
{"status_code": 200, "headers": {"Date": "Wed, 31 May 2023 09:50:09 GMT", "Server": "Apache/2.4.54 (Unix) PHP/7.4.30", "X-Powered-By": "PHP/7.4.30", "Keep-Alive": "timeout=5, max=100", "Content-Type": "text/html; charset=UTF-8", "Content-Length": "2524"}, "data": null}
{"status_code": 200, "headers": {"Date": "Wed, 31 May 2023 09:50:09 GMT", "Server": "Apache/2.4.54 (Unix) PHP/7.4.30", "Last-Modified": "Fri, 21 Dec 2018 01:02:44 GMT", "ETag": "\"2f1-57d7dcdff5500\"", "Accept-Ranges": "bytes", "Keep-Alive": "timeout=5, max=100", "Content-Type": "text/css", "Content-Length": "753"}, "data": null}
{"status_code": 200, "headers": {"Date": "Wed, 31 May 2023 09:50:10 GMT", "Server": "Apache/2.4.54 (Unix) PHP/7.4.30", "X-Powered-By": "PHP/7.4.30", "Keep-Alive": "timeout=5, max=100", "Content-Type": "text/html; charset=UTF-8", "Content-Length": "1793"}, "data": null}
{"status_code": 200, "headers": {"Date": "Wed, 31 May 2023 09:50:10 GMT", "Server": "Apache/2.4.54 (Unix) PHP/7.4.30", "Last-Modified": "Sat, 22 Dec 2018 08:24:36 GMT", "ETag": "\"17c-57d981813b900\"", "Accept-Ranges": "bytes", "Keep-Alive": "timeout=5, max=100", "Content-Type": "text/css", "Content-Length": "380"}, "data": null}
{"status_code": 200, "headers": {"Date": "Wed, 31 May 2023 09:50:11 GMT", "Server": "Apache/2.4.54 (Unix) PHP/7.4.30", "X-Powered-By": "PHP/7.4.30", "Keep-Alive": "timeout=5, max=100", "Content-Type": "text/html; charset=UTF-8", "Content-Length": "2023"}, "data": null}
{"status_code": 200, "headers": {"Date": "Wed, 31 May 2023 09:50:12 GMT", "Server": "Apache/2.4.54 (Unix) PHP/7.4.30", "X-Powered-By": "PHP/7.4.30", "Keep-Alive": "timeout=5, max=100", "Content-Type": "text/html; charset=UTF-8", "Content-Length": "6910"}, "data": null}
{"status_code": 200, "headers": {"Date": "Wed, 31 May 2023 09:50:12 GMT", "Server": "Apache/2.4.54 (Unix) PHP/7.4.30", "Last-Modified": "Mon, 28 Nov 2022 09:06:32 GMT", "ETag": "\"645-5ee843000b600\"", "Accept-Ranges": "bytes", "Keep-Alive": "timeout=5, max=100", "Content-Type": "text/css", "Content-Length": "1605"}, "data": null}
{"status_code": 200, "headers": {"Date": "Wed, 31 May 2023 09:50:12 GMT", "Server": "Apache/2.4.54 (Unix) PHP/7.4.30", "X-Powered-By": "PHP/7.4.30", "Keep-Alive": "timeout=5, max=100", "Content-Type": "text/html; charset=UTF-8", "Content-Length": "5232"}, "data": null}
{"status_code": 200, "headers": {"Date": "Wed, 31 May 2023 09:50:14 GMT", "Server": "Apache/2.4.54 (Unix) PHP/7.4.30", "X-Powered-By": "PHP/7.4.30", "Keep-Alive": "timeout=5, max=100", "Content-Type": "text/html; charset=UTF-8", "Content-Length": "1986"}, "data": null}
{"status_code": 302, "headers": {"Content-Type": "text/html; charset=utf-8", "Content-Length": "213", "Location": "/web_project/"}, "data": null}
{"status_code": 200, "headers": {"Date": "Wed, 31 May 2023 09:50:44 GMT", "Server": "Apache/2.4.54 (Unix) PHP/7.4.30", "X-Powered-By": "PHP/7.4.30", "Keep-Alive": "timeout=5, max=100", "Content-Type": "text/html; charset=UTF-8", "Content-Length": "5232"}, "data": null}
{"status_code": 200, "headers": {"Date": "Wed, 31 May 2023 09:50:44 GMT", "Server": "Apache/2.4.54 (Unix) PHP/7.4.30", "Last-Modified": "Mon, 28 Nov 2022 06:21:42 GMT", "ETag": "\"683-5ee81e2834980\"", "Accept-Ranges": "bytes", "Keep-Alive": "timeout=5, max=100", "Content-Type": "text/css", "Content-Length": "1667"}, "data": null}
{"status_code": 200, "headers": {"Date": "Wed, 31 May 2023 09:50:44 GMT", "Server": "Apache/2.4.54 (Unix) PHP/7.4.30", "Last-Modified": "Wed, 19 Dec 2018 22:49:22 GMT", "ETag": "\"404-57d67d3332080\"", "Accept-Ranges": "bytes", "Keep-Alive": "timeout=5, max=100", "Content-Type": "text/css", "Content-Length": "1028"}, "data": null}
{"status_code": 200, "headers": {"Date": "Wed, 31 May 2023 09:50:44 GMT", "Server": "Apache/2.4.54 (Unix) PHP/7.4.30", "Last-Modified": "Fri, 11 Jan 2019 08:51:38 GMT", "ETag": "\"753-57f2acd94fa80\"", "Accept-Ranges": "bytes", "Keep-Alive": "timeout=5, max=100", "Content-Type": "text/css", "Content-Length": "1875"}, "data": null}
{"status_code": 404, "headers": {"Date": "Wed, 31 May 2023 09:50:44 GMT", "Server": "Apache/2.4.54 (Unix) PHP/7.4.30", "X-Powered-By": "PHP/7.4.30", "Keep-Alive": "timeout=5, max=100", "Content-Type": "text/html; charset=UTF-8", "Content-Length": "104"}, "data": null}
{"status_code": 200, "headers": {"Date": "Wed, 31 May 2023 09:50:50 GMT", "Server": "Apache/2.4.54 (Unix) PHP/7.4.30", "X-Powered-By": "PHP/7.4.30", "Keep-Alive": "timeout=5, max=100", "Content-Type": "text/html; charset=UTF-8", "Content-Length": "5232"}, "data": null}
{"status_code": 200, "headers": {"Date": "Wed, 31 May 2023 09:50:51 GMT", "Server": "Apache/2.4.54 (Unix) PHP/7.4.30", "X-Powered-By": "PHP/7.4.30", "Keep-Alive": "timeout=5, max=100", "Content-Type": "text/html; charset=UTF-8", "Content-Length": "2023"}, "data": null}
{"status_code": 403, "headers": {"Content-Type": "text/html; charset=utf-8", "Content-Length": "16"}, "data": null}
